<?xml version="1.0" encoding="UTF-8"?>
<testng-results ignored="0" total="2" passed="2" failed="0" skipped="0">
  <reporter-output>
  </reporter-output>
  <suite started-at="2022-12-25T20:52:10 IST" name="Suite" finished-at="2022-12-25T20:52:21 IST" duration-ms="11359">
    <groups>
    </groups>
    <test started-at="2022-12-25T20:52:10 IST" name="Test" finished-at="2022-12-25T20:52:21 IST" duration-ms="11359">
      <class name="org.testng.Employej">
        <test-method is-config="true" signature="LaunchBrowser()[pri:0, instance:org.testng.Employej@6c64cb25]" started-at="2022-12-25T20:52:10 IST" name="LaunchBrowser" finished-at="2022-12-25T20:52:12 IST" duration-ms="2222" status="PASS">
          <reporter-output>
          </reporter-output>
        </test-method> <!-- LaunchBrowser -->
        <test-method is-config="true" signature="start()[pri:0, instance:org.testng.Employej@6c64cb25]" started-at="2022-12-25T20:52:12 IST" name="start" finished-at="2022-12-25T20:52:13 IST" duration-ms="1030" status="PASS">
          <reporter-output>
          </reporter-output>
        </test-method> <!-- start -->
        <test-method signature="tc1(java.lang.String,java.lang.String)[pri:0, instance:org.testng.Employej@6c64cb25]" started-at="2022-12-25T20:52:13 IST" name="tc1" finished-at="2022-12-25T20:52:14 IST" duration-ms="1262" status="PASS">
          <params>
            <param index="0">
              <value>
                <![CDATA[12545]]>
              </value>
            </param>
            <param index="1">
              <value>
                <![CDATA[23546]]>
              </value>
            </param>
          </params>
          <reporter-output>
          </reporter-output>
        </test-method> <!-- tc1 -->
        <test-method is-config="true" signature="end()[pri:0, instance:org.testng.Employej@6c64cb25]" started-at="2022-12-25T20:52:14 IST" name="end" finished-at="2022-12-25T20:52:14 IST" duration-ms="1" status="PASS">
          <reporter-output>
          </reporter-output>
        </test-method> <!-- end -->
        <test-method is-config="true" signature="start()[pri:0, instance:org.testng.Employej@6c64cb25]" started-at="2022-12-25T20:52:14 IST" name="start" finished-at="2022-12-25T20:52:19 IST" duration-ms="4724" status="PASS">
          <reporter-output>
          </reporter-output>
        </test-method> <!-- start -->
        <test-method signature="tc11()[pri:0, instance:org.testng.Employej@6c64cb25]" started-at="2022-12-25T20:52:19 IST" name="tc11" finished-at="2022-12-25T20:52:21 IST" duration-ms="1869" status="PASS">
          <reporter-output>
          </reporter-output>
        </test-method> <!-- tc11 -->
        <test-method is-config="true" signature="quiting()[pri:0, instance:org.testng.Employej@6c64cb25]" started-at="2022-12-25T20:52:21 IST" name="quiting" finished-at="2022-12-25T20:52:21 IST" duration-ms="202" status="PASS">
          <reporter-output>
          </reporter-output>
        </test-method> <!-- quiting -->
        <test-method is-config="true" signature="end()[pri:0, instance:org.testng.Employej@6c64cb25]" started-at="2022-12-25T20:52:21 IST" name="end" finished-at="2022-12-25T20:52:21 IST" duration-ms="0" status="PASS">
          <reporter-output>
          </reporter-output>
        </test-method> <!-- end -->
      </class> <!-- org.testng.Employej -->
    </test> <!-- Test -->
  </suite> <!-- Suite -->
</testng-results>
